<?xml version="1.0" encoding="UTF-8" ?>
<testsuite errors="1" failures="0" hostname="localhost" name="TestPrintLogs" tests="1" time="0.057" timestamp="2013-07-18T13:13:25">
  <properties>
    <property name="java.vendor" value="Oracle Corporation" />
    <property name="lib.dir" value="/media/develop/antProject/javaant/javaProject/maximoToolsJava/../../libs" />
    <property name="sun.java.launcher" value="SUN_STANDARD" />
    <property name="sun.management.compiler" value="HotSpot Tiered Compilers" />
    <property name="testclasses.dir" value="/media/develop/antProject/javaant/javaProject/maximoToolsJava/test-classes" />
    <property name="gwt-sdk" value="/media/develop/antProject/javaant/libs/weblib/gwt/google-gwt/gwt-2.5.1" />
    <property name="os.name" value="Linux" />
    <property name="sun.boot.class.path" value="/media/linux/data/opt/java/jdk1.7.0_04/jre/lib/resources.jar:/media/linux/data/opt/java/jdk1.7.0_04/jre/lib/rt.jar:/media/linux/data/opt/java/jdk1.7.0_04/jre/lib/sunrsasign.jar:/media/linux/data/opt/java/jdk1.7.0_04/jre/lib/jsse.jar:/media/linux/data/opt/java/jdk1.7.0_04/jre/lib/jce.jar:/media/linux/data/opt/java/jdk1.7.0_04/jre/lib/charsets.jar:/media/linux/data/opt/java/jdk1.7.0_04/jre/lib/jfr.jar:/media/linux/data/opt/java/jdk1.7.0_04/jre/classes" />
    <property name="sun.desktop" value="gnome" />
    <property name="appengine-sdk-1.8.0" value="/media/develop/antProject/javaant/libs/weblib/gwt/appengine-java-sdk-1.8.0" />
    <property name="java.vm.specification.vendor" value="Oracle Corporation" />
    <property name="ant.home" value="/usr/share/ant" />
    <property name="gxt-sdk-3.0.1-GPL" value="/media/linux/data/java/weblib/gwt/gxt3.0/gxt-3.0.1-GPL" />
    <property name="java.runtime.version" value="1.7.0_04-b20" />
    <property name="release.dir" value="/media/develop/antProject/javaant/javaProject/maximoToolsJava/release" />
    <property name="user.name" value="fedora" />
    <property name="title" value="maximoToolsJava" />
    <property name="debug" value="on" />
    <property name="test.excludes" value="**/Abstract*" />
    <property name="gxt-sdk" value="/media/linux/data/java/weblib/gwt/gxt3.0/gxt-3.0.1-GPL" />
    <property name="javaCompiler" value="/media/linux/data/opt/java/jdk1.7.0_04/bin/javac" />
    <property name="user.language" value="zh" />
    <property name="samples.dir" value="/media/develop/antProject/javaant/javaProject/maximoToolsJava/samples" />
    <property name="sun.boot.library.path" value="/media/linux/data/opt/java/jdk1.7.0_04/jre/lib/i386" />
    <property name="reports.dir" value="/media/develop/antProject/javaant/javaProject/maximoToolsJava/test-reports" />
    <property name="ant.project.default-target" value="build_no_doc_release" />
    <property name="ant.project.name" value="maximoToolsJava" />
    <property name="java.version" value="1.7.0_04" />
    <property name="version" value="0.0.1" />
    <property name="user.timezone" value="" />
    <property name="sun.arch.data.model" value="32" />
    <property name="filename" value="maximoToolsJava" />
    <property name="appengine-sdk" value="/media/develop/antProject/javaant/libs/weblib/gwt/appengine-java-sdk-1.8.0" />
    <property name="java.endorsed.dirs" value="/media/linux/data/opt/java/jdk1.7.0_04/jre/lib/endorsed" />
    <property name="sun.cpu.isalist" value="" />
    <property name="sun.jnu.encoding" value="UTF-8" />
    <property name="file.encoding.pkg" value="sun.io" />
    <property name="file.separator" value="/" />
    <property name="java.specification.name" value="Java Platform API Specification" />
    <property name="classes.dir" value="/media/develop/antProject/javaant/javaProject/maximoToolsJava/classes" />
    <property name="java.class.version" value="51.0" />
    <property name="user.country" value="CN" />
    <property name="java.home" value="/media/linux/data/opt/java/jdk1.7.0_04/jre" />
    <property name="dist.dir" value="/media/develop/antProject/javaant/javaProject/maximoToolsJava/dist" />
    <property name="java.vm.info" value="mixed mode" />
    <property name="ant.file" value="/media/develop/antProject/javaant/javaProject/maximoToolsJava/build.xml" />
    <property name="os.version" value="3.9.6-200.fc18.i686.PAE" />
    <property name="path.separator" value=":" />
    <property name="java.vm.version" value="23.0-b21" />
    <property name="release.zip" value="maximoToolsJava-0.0.1.zip" />
    <property name="ant.library.dir" value="/usr/share/ant/lib" />
    <property name="java.awt.printerjob" value="sun.print.PSPrinterJob" />
    <property name="sun.io.unicode.encoding" value="UnicodeLittle" />
    <property name="awt.toolkit" value="sun.awt.X11.XToolkit" />
    <property name="javadocs.dir" value="/media/develop/antProject/javaant/javaProject/maximoToolsJava/docs/api" />
    <property name="gwt-sdk-2.5.1" value="/media/develop/antProject/javaant/libs/weblib/gwt/google-gwt/gwt-2.5.1" />
    <property name="user.home" value="/home/fedora" />
    <property name="java.specification.vendor" value="Oracle Corporation" />
    <property name="test.dir" value="/media/develop/antProject/javaant/javaProject/maximoToolsJava/test" />
    <property name="java.library.path" value="/usr/java/packages/lib/i386:/lib:/usr/lib" />
    <property name="name" value="maximoToolsJava" />
    <property name="java.vendor.url" value="http://java.oracle.com/" />
    <property name="java.vm.vendor" value="Oracle Corporation" />
    <property name="copyright" value="Copyright (C) 2011-2013 Robert Breidecker." />
    <property name="java.runtime.name" value="Java(TM) SE Runtime Environment" />
    <property name="sun.java.command" value="org.apache.tools.ant.launch.Launcher -cp " />
    <property name="java.class.path" value="/usr/share/java/ant.jar:/usr/share/java/ant-launcher.jar:/usr/share/java/jaxp_parser_impl.jar:/usr/share/java/xml-commons-apis.jar:/usr/share/java/antlr.jar:/usr/share/java/ant/ant-antlr.jar:/usr/share/java/bcel.jar:/usr/share/java/ant/ant-apache-bcel.jar:/usr/share/java/bsf.jar:/usr/share/java/ant/ant-apache-bsf.jar:/usr/share/java/log4j.jar:/usr/share/java/ant/ant-apache-log4j.jar:/usr/share/java/oro.jar:/usr/share/java/ant/ant-apache-oro.jar:/usr/share/java/regexp.jar:/usr/share/java/ant/ant-apache-regexp.jar:/usr/share/java/xml-commons-resolver.jar:/usr/share/java/ant/ant-apache-resolver.jar:/usr/share/java/xalan-j2.jar:/usr/share/java/xalan-j2-serializer.jar:/usr/share/java/ant/ant-apache-xalan2.jar:/usr/share/java/apache-commons-logging.jar:/usr/share/java/ant/ant-commons-logging.jar:/usr/share/java/apache-commons-net.jar:/usr/share/java/ant/ant-commons-net.jar:/usr/share/java/javamail.jar:/usr/share/java/ant/ant-javamail.jar:/usr/share/java/jdepend.jar:/usr/share/java/ant/ant-jdepend.jar:/usr/share/java/ant/ant-jmf.jar:/usr/share/java/jsch.jar:/usr/share/java/ant/ant-jsch.jar:/usr/share/java/junit.jar:/usr/share/java/ant/ant-junit.jar:/usr/share/java/junit.jar:/usr/share/java/ant/ant-junit4.jar:/usr/share/java/ant/ant-swing.jar:/usr/share/java/ant/ant-testutil.jar:/media/linux/data/opt/java/jdk1.7.0_04/lib/tools.jar:.:/media/linux/data/java/hello/classes:/media/linux/data/opt/java/jdk1.7.0_04/jre/lib/resources.jar:/media/linux/data/opt/java/jdk1.7.0_04/jre/lib/rt.jar:/media/linux/data/opt/java/jdk1.7.0_04/jre/lib/jsse.jar:/media/linux/data/opt/java/jdk1.7.0_04/jre/lib/jce.jar:/media/linux/data/opt/java/jdk1.7.0_04/jre/lib/charsets.jar:/media/linux/data/opt/java/jdk1.7.0_04/jre/lib/jfr.jar:/media/linux/data/opt/java/jdk1.7.0_04/jre/lib/ext/localedata.jar:/media/linux/data/opt/java/jdk1.7.0_04/jre/lib/ext/sunec.jar:/media/linux/data/opt/java/jdk1.7.0_04/jre/lib/ext/dnsns.jar:/media/linux/data/opt/java/jdk1.7.0_04/jre/lib/ext/sunjce_provider.jar:/media/linux/data/opt/java/jdk1.7.0_04/jre/lib/ext/sunpkcs11.jar:/media/linux/data/opt/java/jdk1.7.0_04/jre/lib/ext/zipfs.jar:/media/linux/data/opt/java/jdk1.7.0_04/lib/tools.jar::/usr/share/ant/lib/7z.jar::/usr/share/ant/lib/ant-gwt-1.3.jar::/usr/share/ant/lib/svnant.jar::/usr/share/ant/lib/svnClientAdapter.jar::/usr/share/ant/lib/svnjavahl.jar::/usr/share/ant/lib/svnkit.jar:/usr/share/ant/lib/ant-swing.jar:/usr/share/ant/lib/ant-jsch.jar:/usr/share/ant/lib/ant-apache-bcel.jar:/usr/share/ant/lib/ant-javamail.jar:/usr/share/ant/lib/svnkit.jar:/usr/share/ant/lib/svnant.jar:/usr/share/ant/lib/ant-apache-xalan2.jar:/usr/share/ant/lib/ant-launcher.jar:/usr/share/ant/lib/svnjavahl.jar:/usr/share/ant/lib/ant-gwt-1.2.jar:/usr/share/ant/lib/ant-junit4.jar:/usr/share/ant/lib/ant-apache-resolver.jar:/usr/share/ant/lib/ant.jar:/usr/share/ant/lib/ant-apache-log4j.jar:/usr/share/ant/lib/ant-testutil.jar:/usr/share/ant/lib/svnClientAdapter.jar:/usr/share/ant/lib/ant-apache-regexp.jar:/usr/share/ant/lib/ant-jmf.jar:/usr/share/ant/lib/ant-commons-logging.jar:/usr/share/ant/lib/ant-commons-net.jar:/usr/share/ant/lib/ant-apache-oro.jar:/usr/share/ant/lib/ant-antlr.jar:/usr/share/ant/lib/ant-jdepend.jar:/usr/share/ant/lib/ant-bootstrap.jar:/usr/share/ant/lib/ant-apache-bsf.jar:/usr/share/ant/lib/7z.jar:/usr/share/ant/lib/ant-junit.jar" />
    <property name="ant.version" value="Apache Ant(TM) version 1.8.4 compiled on November 27 2012" />
    <property name="ant.file.maximoToolsJava" value="/media/develop/antProject/javaant/javaProject/maximoToolsJava/build.xml" />
    <property name="ProjectName" value="maximoToolsJava" />
    <property name="java.vm.specification.name" value="Java Virtual Machine Specification" />
    <property name="jdk1.7.0_04" value="/media/linux/data/opt/java/jdk1.7.0_04/bin/javac" />
    <property name="ant.file.type" value="file" />
    <property name="java.vm.specification.version" value="1.7" />
    <property name="sun.cpu.endian" value="little" />
    <property name="sun.os.patch.level" value="unknown" />
    <property name="junit.reports.dir" value="/media/develop/antProject/javaant/javaProject/maximoToolsJava/test-reports" />
    <property name="java.io.tmpdir" value="/tmp" />
    <property name="java.vendor.url.bug" value="http://bugreport.sun.com/bugreport/" />
    <property name="java.awt.graphicsenv" value="sun.awt.X11GraphicsEnvironment" />
    <property name="os.arch" value="i386" />
    <property name="java.ext.dirs" value="/media/linux/data/opt/java/jdk1.7.0_04/jre/lib/ext:/usr/java/packages/lib/ext" />
    <property name="user.dir" value="/media/develop/antProject/javaant/javaProject/maximoToolsJava" />
    <property name="line.separator" value="&#xa;" />
    <property name="java.vm.name" value="Java HotSpot(TM) Server VM" />
    <property name="test.includes" value="**/*TestSuite.class **/*Tests.class" />
    <property name="basedir" value="/media/develop/antProject/javaant/javaProject/maximoToolsJava" />
    <property name="ant.java.version" value="1.7" />
    <property name="release.path" value="maximoToolsJava-0.0.1" />
    <property name="ant.core.lib" value="/usr/share/java/ant.jar" />
    <property name="file.encoding" value="UTF-8" />
    <property name="samplesclasses.dir" value="/media/develop/antProject/javaant/javaProject/maximoToolsJava/samples-classes" />
    <property name="java.specification.version" value="1.7" />
    <property name="src.dir" value="/media/develop/antProject/javaant/javaProject/maximoToolsJava/src" />
    <property name="ant.project.invoked-targets" value="build_no_doc_release" />
    <property name="jdk160_05" value="/media/linux/data/opt/java/jdk160_05/bin/javac" />
    <property name="ant.file.type.maximoToolsJava" value="file" />
  </properties>
  <testcase classname="TestPrintLogs" name="initializationError" time="0.004">
    <error message="No runnable methods" type="java.lang.Exception">java.lang.Exception: No runnable methods
	at java.lang.reflect.Constructor.newInstance(Constructor.java:525)
</error>
  </testcase>
  <system-out><![CDATA[]]></system-out>
  <system-err><![CDATA[]]></system-err>
</testsuite>
